  Bone.cpp
  Cheats.cpp
  Defining YAML_CPP_API for DLL import
  Entity.cpp
  Glow.cpp
  Misc.cpp
  Mouse.cpp
  SkinChanger.cpp
  StyleChanger.cpp
  Game.cpp
  main.cpp
C:\Program Files\Microsoft Visual Studio\2022\Professional\VC\Tools\MSVC\14.39.33519\include\xutility(4537,18): warning C4244: '=': conversion from 'wchar_t' to 'char', possible loss of data
  (compiling source file 'main.cpp')
  C:\Program Files\Microsoft Visual Studio\2022\Professional\VC\Tools\MSVC\14.39.33519\include\xutility(4537,18):
  the template instantiation context (the oldest one first) is
  	C:\Users\rando\OneDrive\Documents\GitHub\AimStar\CS2_External\main.cpp(217,16):
  	see reference to function template instantiation 'std::basic_string<char,std::char_traits<char>,std::allocator<char>>::basic_string<std::_String_iterator<std::_String_val<std::_Simple_types<_Elem>>>,0>(_Iter,_Iter,const _Alloc &)' being compiled
          with
          [
              _Elem=wchar_t,
              _Iter=std::_String_iterator<std::_String_val<std::_Simple_types<wchar_t>>>,
              _Alloc=std::allocator<char>
          ]
  		C:\Users\rando\OneDrive\Documents\GitHub\AimStar\CS2_External\main.cpp(217,16):
  		see the first reference to 'std::basic_string<char,std::char_traits<char>,std::allocator<char>>::basic_string' in 'WndProc'
  	C:\Program Files\Microsoft Visual Studio\2022\Professional\VC\Tools\MSVC\14.39.33519\include\xstring(2600,17):
  	see reference to function template instantiation 'void std::basic_string<char,std::char_traits<char>,std::allocator<char>>::_Construct_from_iter<wchar_t*,wchar_t*,_Size_type>(_Iter,const _Sent,_Size)' being compiled
          with
          [
              _Size_type=unsigned __int64,
              _Iter=wchar_t *,
              _Sent=wchar_t *,
              _Size=unsigned __int64
          ]
  	C:\Program Files\Microsoft Visual Studio\2022\Professional\VC\Tools\MSVC\14.39.33519\include\xstring(2756,18):
  	see reference to function template instantiation '_OutIt *std::_Copy_n_unchecked4<wchar_t*,_Size,char*>(_InIt,_SizeTy,_OutIt)' being compiled
          with
          [
              _OutIt=char *,
              _Size=unsigned __int64,
              _InIt=wchar_t *,
              _SizeTy=unsigned __int64
          ]
  
  Offsets.cpp
  imgui.cpp
  imgui_demo.cpp
  imgui_draw.cpp
  imgui_impl_dx11.cpp
  imgui_impl_win32.cpp
  imgui_tables.cpp
  imgui_widgets.cpp
  OS-ImGui.cpp
  OS-ImGui_Base.cpp
  Compiling...
  OS-ImGui_External.cpp
  Radar.cpp
  Language.cpp
  TriggerBot.cpp
  ConfigMenu.cpp
  Defining YAML_CPP_API for DLL import
  ConfigSaver.cpp
  Defining YAML_CPP_API for DLL import
  GlobalVars.cpp
  MemorySearch.cpp
  Generating code
  Previous IPDB not found, fall back to full compilation.
  All 5231 functions were compiled because no usable IPDB/IOBJ from previous compilation was found.
  Finished generating code
  CS2_External.vcxproj -> C:\Users\rando\OneDrive\Documents\GitHub\AimStar\x64\Release\AimStar.exe
